/Applications/CLion.app/Contents/bin/cmake/mac/bin/cmake -DCMAKE_BUILD_TYPE=Debug -G "CodeBlocks - Unix Makefiles" /Users/bryange/Documents/CS126/github/naivebayes-digit-classifier
-- The C compiler identification is AppleClang 12.0.0.12000032
-- The CXX compiler identification is AppleClang 12.0.0.12000032
-- Check for working C compiler: /Library/Developer/CommandLineTools/usr/bin/cc
-- Check for working C compiler: /Library/Developer/CommandLineTools/usr/bin/cc - works
-- Detecting C compiler ABI info
-- Detecting C compiler ABI info - done
-- Detecting C compile features
-- Detecting C compile features - done
-- Check for working CXX compiler: /Library/Developer/CommandLineTools/usr/bin/c++
-- Check for working CXX compiler: /Library/Developer/CommandLineTools/usr/bin/c++ - works
-- Detecting CXX compiler ABI info
-- Detecting CXX compiler ABI info - done
-- Detecting CXX compile features
-- Detecting CXX compile features - done
Scanning dependencies of target catch2-populate
[ 11%] Creating directories for 'catch2-populate'
[ 22%] Performing download step (git clone) for 'catch2-populate'
Cloning into 'catch2-src'...
fatal: invalid reference: master
CMake Error at catch2-subbuild/catch2-populate-prefix/tmp/catch2-populate-gitclone.cmake:40 (message):
  Failed to checkout tag: 'master'


make[2]: *** [catch2-populate-prefix/src/catch2-populate-stamp/catch2-populate-download] Error 1
make[1]: *** [CMakeFiles/catch2-populate.dir/all] Error 2
make: *** [all] Error 2

CMake Error at /Applications/CLion.app/Contents/bin/cmake/mac/share/cmake-3.17/Modules/FetchContent.cmake:912 (message):
  Build step for catch2 failed: 2
Call Stack (most recent call first):
  /Applications/CLion.app/Contents/bin/cmake/mac/share/cmake-3.17/Modules/FetchContent.cmake:1003 (__FetchContent_directPopulate)
  CMakeLists.txt:41 (FetchContent_Populate)


-- Configuring incomplete, errors occurred!
See also "/Users/bryange/Documents/CS126/github/naivebayes-digit-classifier/cmake-build-debug/CMakeFiles/CMakeOutput.log".
See also "/Users/bryange/Documents/CS126/github/naivebayes-digit-classifier/cmake-build-debug/CMakeFiles/CMakeError.log".
